[debug] [2023-12-10T13:35:07.198Z] ----------------------------------------------------------------------
[debug] [2023-12-10T13:35:07.202Z] Command:       C:\Program Files\nodejs\node.exe C:\Users\Nemo\AppData\Roaming\npm\node_modules\firebase-tools\lib\bin\firebase.js init
[debug] [2023-12-10T13:35:07.203Z] CLI Version:   13.0.1
[debug] [2023-12-10T13:35:07.203Z] Platform:      win32
[debug] [2023-12-10T13:35:07.203Z] Node Version:  v20.10.0
[debug] [2023-12-10T13:35:07.203Z] Time:          Sun Dec 10 2023 15:35:07 GMT+0200 (توقيت شرق أوروبا الرسمي)
[debug] [2023-12-10T13:35:07.204Z] ----------------------------------------------------------------------
[debug] 
[debug] [2023-12-10T13:35:07.212Z] > command requires scopes: ["email","openid","https://www.googleapis.com/auth/cloudplatformprojects.readonly","https://www.googleapis.com/auth/firebase","https://www.googleapis.com/auth/cloud-platform"]
[debug] [2023-12-10T13:35:07.213Z] > authorizing via signed-in user (moh.essam4100@gmail.com)
[info] 
     ######## #### ########  ######## ########     ###     ######  ########
     ##        ##  ##     ## ##       ##     ##  ##   ##  ##       ##
     ######    ##  ########  ######   ########  #########  ######  ######
     ##        ##  ##    ##  ##       ##     ## ##     ##       ## ##
     ##       #### ##     ## ######## ########  ##     ##  ######  ########

You're about to initialize a Firebase project in this directory:

  D:\CMY

[info] 
=== Project Setup
[info] 
[info] First, let's associate this project directory with a Firebase project.
[info] You can create multiple project aliases by running firebase use --add, 
[info] but for now we'll just set up a default project.
[info] 
[debug] [2023-12-10T13:35:20.359Z] >>> [apiv2][query] GET https://firebase.googleapis.com/v1beta1/projects pageSize=100
[debug] [2023-12-10T13:35:22.632Z] <<< [apiv2][status] GET https://firebase.googleapis.com/v1beta1/projects 200
[debug] [2023-12-10T13:35:22.633Z] <<< [apiv2][body] GET https://firebase.googleapis.com/v1beta1/projects [omitted]
[info] i  Using project cmy-adv (cmy-adv) 
[info] 
=== Hosting Setup
[debug] [2023-12-10T13:35:26.220Z] >>> [apiv2][query] GET https://firebase.googleapis.com/v1beta1/projects/cmy-adv [none]
[debug] [2023-12-10T13:35:26.483Z] <<< [apiv2][status] GET https://firebase.googleapis.com/v1beta1/projects/cmy-adv 200
[debug] [2023-12-10T13:35:26.483Z] <<< [apiv2][body] GET https://firebase.googleapis.com/v1beta1/projects/cmy-adv {"projectId":"cmy-adv","projectNumber":"780975045504","displayName":"cmy-adv","name":"projects/cmy-adv","resources":{"hostingSite":"cmy-adv"},"state":"ACTIVE","etag":"1_5bf57649-d1db-4924-b97f-634e2b11fae1"}
[info] 
[info] Your public directory is the folder (relative to your project directory) that
[info] will contain Hosting assets to be uploaded with firebase deploy. If you
[info] have a build process for your assets, use your build's output directory.
[info] 
[debug] [2023-12-10T13:35:39.040Z] >>> [apiv2][query] GET https://www.gstatic.com/firebasejs/releases.json [none]
[debug] [2023-12-10T13:35:39.404Z] <<< [apiv2][status] GET https://www.gstatic.com/firebasejs/releases.json 200
[debug] [2023-12-10T13:35:39.404Z] <<< [apiv2][body] GET https://www.gstatic.com/firebasejs/releases.json {"current":{"version":"10.7.1","browserURL":"https://www.gstatic.com/firebasejs/10.7.1/firebase.js","packageURL":"https://www.gstatic.com/firebasejs/10.7.1/firebase.tgz"},"live":{"version":"10.7","browserURL":"https://www.gstatic.com/firebasejs/live/10.7/firebase.js","packageURL":"https://www.gstatic.com/firebasejs/live/10.7/firebase.tgz"},"components":{"analytics":"https://www.gstatic.com/firebasejs/10.7.1/firebase-analytics.js","app":"https://www.gstatic.com/firebasejs/10.7.1/firebase-app.js","app-check":"https://www.gstatic.com/firebasejs/10.7.1/firebase-app-check.js","auth":"https://www.gstatic.com/firebasejs/10.7.1/firebase-auth.js","auth/cordova":"https://www.gstatic.com/firebasejs/10.7.1/firebase-auth/cordova.js","functions":"https://www.gstatic.com/firebasejs/10.7.1/firebase-functions.js","firestore":"https://www.gstatic.com/firebasejs/10.7.1/firebase-firestore.js","firestore/lite":"https://www.gstatic.com/firebasejs/10.7.1/firebase-firestore/lite.js","installations":"https://www.gstatic.com/firebasejs/10.7.1/firebase-installations.js","storage":"https://www.gstatic.com/firebasejs/10.7.1/firebase-storage.js","performance":"https://www.gstatic.com/firebasejs/10.7.1/firebase-performance.js","remote-config":"https://www.gstatic.com/firebasejs/10.7.1/firebase-remote-config.js","messaging":"https://www.gstatic.com/firebasejs/10.7.1/firebase-messaging.js","messaging/sw":"https://www.gstatic.com/firebasejs/10.7.1/firebase-messaging/sw.js","database":"https://www.gstatic.com/firebasejs/10.7.1/firebase-database.js","firestore.memory":"https://www.gstatic.com/firebasejs/10.7.1/firebase-firestore.memory.js"}}
[info] +  Wrote dist/index.html 
[info] 
[info] i  Writing configuration info to firebase.json... 
[info] i  Writing project information to .firebaserc... 
[info] 
[info] +  Firebase initialization complete! 
[debug] [2023-12-10T13:35:47.259Z] Error: Timed out.
    at Timeout._onTimeout (C:\Users\Nemo\AppData\Roaming\npm\node_modules\firebase-tools\lib\utils.js:258:49)
    at listOnTimeout (node:internal/timers:573:17)
    at process.processTimers (node:internal/timers:514:7)
[error] 
[error] Error: An unexpected error has occurred.
